This file contains any messages produced by compilers while
running configure, to aid debugging if configure makes a mistake.

It was created by libatomic_ops configure 7.2alpha5, which was
generated by GNU Autoconf 2.67.  Invocation command line was

  $ ./configure --disable-option-checking --prefix=/opt/gc/android --host=arm-eabi --enable-threads=posix host_alias=arm-eabi CC=/opt/android/android-ndk-r5/toolchains/arm-linux-androideabi-4.4.3/prebuilt/linux-x86/bin/arm-linux-androideabi-gcc CFLAGS=--sysroot=/opt/android/android-ndk-r5/platforms/android-9/arch-arm -fpic -ffunction-sections -funwind-tables  -D__ARM_ARCH_5__ -D__ARM_ARCH_5T__ -D__ARM_ARCH_5E__ -D__ARM_ARCH_5TE__  -Wno-psabi -march=armv5te -mtune=xscale -msoft-float -Os -fomit-frame-pointer -fno-strict-aliasing -finline-limit=64 -DANDROID -DPLATFORM_ANDROID -DIGNORE_DYNAMIC_LOADING -Wa,--noexecstack -O0 -g -I/opt/android/android-ndk-r5/platforms/android-9/arch-arm/usr/include LDFLAGS=--sysroot=/opt/android/android-ndk-r5/platforms/android-9/arch-arm -Wl,--no-undefined -Wl,-z,noexecstack -Wl,-rpath-link=/opt/android/android-ndk-r5/platforms/android-9/arch-arm/usr/lib  /opt/android/android-ndk-r5/platforms/android-9/arch-arm/usr/lib/libc.so  /opt/android/android-ndk-r5/platforms/android-9/arch-arm/usr/lib/libstdc++.so /opt/android/android-ndk-r5/platforms/android-9/arch-arm/usr/lib/libm.so -lsupc++ CPPFLAGS=-I/opt/android/android-ndk-r5/platforms/android-9/arch-arm/usr/include/ CXX=/opt/android/android-ndk-r5/toolchains/arm-linux-androideabi-4.4.3/prebuilt/linux-x86/bin/arm-linux-androideabi-g++ CXXFLAGS=--sysroot=/opt/android/android-ndk-r5/platforms/android-9/arch-arm -fpic -ffunction-sections -funwind-tables  -D__ARM_ARCH_5__ -D__ARM_ARCH_5T__ -D__ARM_ARCH_5E__ -D__ARM_ARCH_5TE__  -Wno-psabi -march=armv5te -mtune=xscale -msoft-float -Os -fomit-frame-pointer -fno-strict-aliasing -finline-limit=64 -DANDROID -DPLATFORM_ANDROID -DIGNORE_DYNAMIC_LOADING -Wa,--noexecstack -O0 -g -I/opt/android/android-ndk-r5/platforms/android-9/arch-arm/usr/include --cache-file=/dev/null --srcdir=.

## --------- ##
## Platform. ##
## --------- ##

hostname = crackity
uname -m = x86_64
uname -r = 2.6.35-24-generic
uname -s = Linux
uname -v = #42-Ubuntu SMP Thu Dec 2 02:41:37 UTC 2010

/usr/bin/uname -p = unknown
/bin/uname -X     = unknown

/bin/arch              = unknown
/usr/bin/arch -k       = unknown
/usr/convex/getsysinfo = unknown
/usr/bin/hostinfo      = unknown
/bin/machine           = unknown
/usr/bin/oslevel       = unknown
/bin/universe          = unknown

PATH: /opt/ecl/host/bin
PATH: /opt/wtk25/bin
PATH: /home/sylvain/opt/ecl/bin
PATH: /home/sylvain/bin
PATH: /usr/local/sbin
PATH: /usr/local/bin
PATH: /usr/sbin
PATH: /usr/bin
PATH: /sbin
PATH: /bin
PATH: /usr/games


## ----------- ##
## Core tests. ##
## ----------- ##

configure:2080: checking build system type
configure:2094: result: x86_64-unknown-linux-gnu
configure:2114: checking host system type
configure:2127: result: arm-unknown-eabi
configure:2147: checking target system type
configure:2160: result: arm-unknown-eabi
configure:2203: checking for a BSD-compatible install
configure:2271: result: /usr/bin/install -c
configure:2282: checking whether build environment is sane
configure:2332: result: yes
configure:2381: checking for arm-eabi-strip
configure:2408: result: /opt/android/android-ndk-r5/toolchains/arm-linux-androideabi-4.4.3/prebuilt/linux-x86/bin/arm-linux-androideabi-strip
configure:2473: checking for a thread-safe mkdir -p
configure:2512: result: /bin/mkdir -p
configure:2525: checking for gawk
configure:2541: found /usr/bin/gawk
configure:2552: result: gawk
configure:2563: checking whether make sets $(MAKE)
configure:2585: result: yes
configure:2668: checking for arm-eabi-ranlib
configure:2695: result: /opt/android/android-ndk-r5/toolchains/arm-linux-androideabi-4.4.3/prebuilt/linux-x86/bin/arm-linux-androideabi-ranlib
configure:2774: checking for style of include used by make
configure:2802: result: GNU
configure:2832: checking for arm-eabi-gcc
configure:2859: result: /opt/android/android-ndk-r5/toolchains/arm-linux-androideabi-4.4.3/prebuilt/linux-x86/bin/arm-linux-androideabi-gcc
configure:3128: checking for C compiler version
configure:3137: /opt/android/android-ndk-r5/toolchains/arm-linux-androideabi-4.4.3/prebuilt/linux-x86/bin/arm-linux-androideabi-gcc --version >&5
arm-linux-androideabi-gcc (GCC) 4.4.3
Copyright (C) 2009 Free Software Foundation, Inc.
This is free software; see the source for copying conditions.  There is NO
warranty; not even for MERCHANTABILITY or FITNESS FOR A PARTICULAR PURPOSE.

configure:3148: $? = 0
configure:3137: /opt/android/android-ndk-r5/toolchains/arm-linux-androideabi-4.4.3/prebuilt/linux-x86/bin/arm-linux-androideabi-gcc -v >&5
Using built-in specs.
Target: arm-linux-androideabi
Configured with: /tmp/ndk/src/build/../gcc/gcc-4.4.3/configure --prefix=/tmp/ndk-toolchain/ndk-prebuilt-1495/toolchains/arm-linux-androideabi-4.4.3/prebuilt/linux-x86 --target=arm-linux-androideabi --host=x86_64-linux-gnu --build=x86_64-linux-gnu --with-gnu-as --with-gnu-ld --enable-languages=c,c++ --with-gmp=/tmp/ndk/release-r5/build/toolchain-arm-linux-androideabi-4.4.3/temp-install --with-mpfr=/tmp/ndk/release-r5/build/toolchain-arm-linux-androideabi-4.4.3/temp-install --disable-libssp --enable-threads --disable-nls --disable-libmudflap --disable-libgomp --disable-libstdc__-v3 --disable-sjlj-exceptions --disable-shared --disable-tls --with-float=soft --with-fpu=vfp --with-arch=armv5te --enable-target-optspace --disable-nls --prefix=/tmp/ndk-toolchain/ndk-prebuilt-1495/toolchains/arm-linux-androideabi-4.4.3/prebuilt/linux-x86 --with-sysroot=/tmp/ndk-toolchain/ndk-prebuilt-1495/toolchains/arm-linux-androideabi-4.4.3/prebuilt/linux-x86/sysroot --with-binutils-version=2.19 --with-gcc-version=4.4.3 --with-gdb-version=6.6 --with-gmp-version=4.2.4 --with-mpfr-version=2.4.1 --with-arch=armv5te --enable-libstdc__-v3 --program-transform-name='s&^&arm-linux-androideabi-&'
Thread model: posix
gcc version 4.4.3 (GCC) 
configure:3148: $? = 0
configure:3137: /opt/android/android-ndk-r5/toolchains/arm-linux-androideabi-4.4.3/prebuilt/linux-x86/bin/arm-linux-androideabi-gcc -V >&5
arm-linux-androideabi-gcc: '-V' option must have argument
configure:3148: $? = 1
configure:3137: /opt/android/android-ndk-r5/toolchains/arm-linux-androideabi-4.4.3/prebuilt/linux-x86/bin/arm-linux-androideabi-gcc -qversion >&5
arm-linux-androideabi-gcc: unrecognized option '-qversion'
arm-linux-androideabi-gcc: no input files
configure:3148: $? = 1
configure:3168: checking whether the C compiler works
configure:3190: /opt/android/android-ndk-r5/toolchains/arm-linux-androideabi-4.4.3/prebuilt/linux-x86/bin/arm-linux-androideabi-gcc --sysroot=/opt/android/android-ndk-r5/platforms/android-9/arch-arm -fpic -ffunction-sections -funwind-tables  -D__ARM_ARCH_5__ -D__ARM_ARCH_5T__ -D__ARM_ARCH_5E__ -D__ARM_ARCH_5TE__  -Wno-psabi -march=armv5te -mtune=xscale -msoft-float -Os -fomit-frame-pointer -fno-strict-aliasing -finline-limit=64 -DANDROID -DPLATFORM_ANDROID -DIGNORE_DYNAMIC_LOADING -Wa,--noexecstack -O0 -g -I/opt/android/android-ndk-r5/platforms/android-9/arch-arm/usr/include -I/opt/android/android-ndk-r5/platforms/android-9/arch-arm/usr/include/ --sysroot=/opt/android/android-ndk-r5/platforms/android-9/arch-arm -Wl,--no-undefined -Wl,-z,noexecstack -Wl,-rpath-link=/opt/android/android-ndk-r5/platforms/android-9/arch-arm/usr/lib  /opt/android/android-ndk-r5/platforms/android-9/arch-arm/usr/lib/libc.so  /opt/android/android-ndk-r5/platforms/android-9/arch-arm/usr/lib/libstdc++.so /opt/android/android-ndk-r5/platforms/android-9/arch-arm/usr/lib/libm.so -lsupc++ conftest.c  >&5
configure:3194: $? = 0
configure:3242: result: yes
configure:3245: checking for C compiler default output file name
configure:3247: result: a.out
configure:3253: checking for suffix of executables
configure:3260: /opt/android/android-ndk-r5/toolchains/arm-linux-androideabi-4.4.3/prebuilt/linux-x86/bin/arm-linux-androideabi-gcc -o conftest --sysroot=/opt/android/android-ndk-r5/platforms/android-9/arch-arm -fpic -ffunction-sections -funwind-tables  -D__ARM_ARCH_5__ -D__ARM_ARCH_5T__ -D__ARM_ARCH_5E__ -D__ARM_ARCH_5TE__  -Wno-psabi -march=armv5te -mtune=xscale -msoft-float -Os -fomit-frame-pointer -fno-strict-aliasing -finline-limit=64 -DANDROID -DPLATFORM_ANDROID -DIGNORE_DYNAMIC_LOADING -Wa,--noexecstack -O0 -g -I/opt/android/android-ndk-r5/platforms/android-9/arch-arm/usr/include -I/opt/android/android-ndk-r5/platforms/android-9/arch-arm/usr/include/ --sysroot=/opt/android/android-ndk-r5/platforms/android-9/arch-arm -Wl,--no-undefined -Wl,-z,noexecstack -Wl,-rpath-link=/opt/android/android-ndk-r5/platforms/android-9/arch-arm/usr/lib  /opt/android/android-ndk-r5/platforms/android-9/arch-arm/usr/lib/libc.so  /opt/android/android-ndk-r5/platforms/android-9/arch-arm/usr/lib/libstdc++.so /opt/android/android-ndk-r5/platforms/android-9/arch-arm/usr/lib/libm.so -lsupc++ conftest.c  >&5
configure:3264: $? = 0
configure:3286: result: 
configure:3308: checking whether we are cross compiling
configure:3316: /opt/android/android-ndk-r5/toolchains/arm-linux-androideabi-4.4.3/prebuilt/linux-x86/bin/arm-linux-androideabi-gcc -o conftest --sysroot=/opt/android/android-ndk-r5/platforms/android-9/arch-arm -fpic -ffunction-sections -funwind-tables  -D__ARM_ARCH_5__ -D__ARM_ARCH_5T__ -D__ARM_ARCH_5E__ -D__ARM_ARCH_5TE__  -Wno-psabi -march=armv5te -mtune=xscale -msoft-float -Os -fomit-frame-pointer -fno-strict-aliasing -finline-limit=64 -DANDROID -DPLATFORM_ANDROID -DIGNORE_DYNAMIC_LOADING -Wa,--noexecstack -O0 -g -I/opt/android/android-ndk-r5/platforms/android-9/arch-arm/usr/include -I/opt/android/android-ndk-r5/platforms/android-9/arch-arm/usr/include/ --sysroot=/opt/android/android-ndk-r5/platforms/android-9/arch-arm -Wl,--no-undefined -Wl,-z,noexecstack -Wl,-rpath-link=/opt/android/android-ndk-r5/platforms/android-9/arch-arm/usr/lib  /opt/android/android-ndk-r5/platforms/android-9/arch-arm/usr/lib/libc.so  /opt/android/android-ndk-r5/platforms/android-9/arch-arm/usr/lib/libstdc++.so /opt/android/android-ndk-r5/platforms/android-9/arch-arm/usr/lib/libm.so -lsupc++ conftest.c  >&5
configure:3320: $? = 0
configure:3327: ./conftest
./configure: line 3329: ./conftest: cannot execute binary file
configure:3331: $? = 126
configure:3346: result: yes
configure:3351: checking for suffix of object files
configure:3373: /opt/android/android-ndk-r5/toolchains/arm-linux-androideabi-4.4.3/prebuilt/linux-x86/bin/arm-linux-androideabi-gcc -c --sysroot=/opt/android/android-ndk-r5/platforms/android-9/arch-arm -fpic -ffunction-sections -funwind-tables  -D__ARM_ARCH_5__ -D__ARM_ARCH_5T__ -D__ARM_ARCH_5E__ -D__ARM_ARCH_5TE__  -Wno-psabi -march=armv5te -mtune=xscale -msoft-float -Os -fomit-frame-pointer -fno-strict-aliasing -finline-limit=64 -DANDROID -DPLATFORM_ANDROID -DIGNORE_DYNAMIC_LOADING -Wa,--noexecstack -O0 -g -I/opt/android/android-ndk-r5/platforms/android-9/arch-arm/usr/include -I/opt/android/android-ndk-r5/platforms/android-9/arch-arm/usr/include/ conftest.c >&5
configure:3377: $? = 0
configure:3398: result: o
configure:3402: checking whether we are using the GNU C compiler
configure:3421: /opt/android/android-ndk-r5/toolchains/arm-linux-androideabi-4.4.3/prebuilt/linux-x86/bin/arm-linux-androideabi-gcc -c --sysroot=/opt/android/android-ndk-r5/platforms/android-9/arch-arm -fpic -ffunction-sections -funwind-tables  -D__ARM_ARCH_5__ -D__ARM_ARCH_5T__ -D__ARM_ARCH_5E__ -D__ARM_ARCH_5TE__  -Wno-psabi -march=armv5te -mtune=xscale -msoft-float -Os -fomit-frame-pointer -fno-strict-aliasing -finline-limit=64 -DANDROID -DPLATFORM_ANDROID -DIGNORE_DYNAMIC_LOADING -Wa,--noexecstack -O0 -g -I/opt/android/android-ndk-r5/platforms/android-9/arch-arm/usr/include -I/opt/android/android-ndk-r5/platforms/android-9/arch-arm/usr/include/ conftest.c >&5
configure:3421: $? = 0
configure:3430: result: yes
configure:3439: checking whether /opt/android/android-ndk-r5/toolchains/arm-linux-androideabi-4.4.3/prebuilt/linux-x86/bin/arm-linux-androideabi-gcc accepts -g
configure:3459: /opt/android/android-ndk-r5/toolchains/arm-linux-androideabi-4.4.3/prebuilt/linux-x86/bin/arm-linux-androideabi-gcc -c -g -I/opt/android/android-ndk-r5/platforms/android-9/arch-arm/usr/include/ conftest.c >&5
configure:3459: $? = 0
configure:3500: result: yes
configure:3517: checking for /opt/android/android-ndk-r5/toolchains/arm-linux-androideabi-4.4.3/prebuilt/linux-x86/bin/arm-linux-androideabi-gcc option to accept ISO C89
configure:3581: /opt/android/android-ndk-r5/toolchains/arm-linux-androideabi-4.4.3/prebuilt/linux-x86/bin/arm-linux-androideabi-gcc  -c --sysroot=/opt/android/android-ndk-r5/platforms/android-9/arch-arm -fpic -ffunction-sections -funwind-tables  -D__ARM_ARCH_5__ -D__ARM_ARCH_5T__ -D__ARM_ARCH_5E__ -D__ARM_ARCH_5TE__  -Wno-psabi -march=armv5te -mtune=xscale -msoft-float -Os -fomit-frame-pointer -fno-strict-aliasing -finline-limit=64 -DANDROID -DPLATFORM_ANDROID -DIGNORE_DYNAMIC_LOADING -Wa,--noexecstack -O0 -g -I/opt/android/android-ndk-r5/platforms/android-9/arch-arm/usr/include -I/opt/android/android-ndk-r5/platforms/android-9/arch-arm/usr/include/ conftest.c >&5
configure:3581: $? = 0
configure:3594: result: none needed
configure:3616: checking dependency style of /opt/android/android-ndk-r5/toolchains/arm-linux-androideabi-4.4.3/prebuilt/linux-x86/bin/arm-linux-androideabi-gcc
configure:3726: result: gcc3
configure:3742: checking whether /opt/android/android-ndk-r5/toolchains/arm-linux-androideabi-4.4.3/prebuilt/linux-x86/bin/arm-linux-androideabi-gcc and cc understand -c and -o together
configure:3773: /opt/android/android-ndk-r5/toolchains/arm-linux-androideabi-4.4.3/prebuilt/linux-x86/bin/arm-linux-androideabi-gcc -c conftest.c -o conftest2.o >&5
configure:3777: $? = 0
configure:3783: /opt/android/android-ndk-r5/toolchains/arm-linux-androideabi-4.4.3/prebuilt/linux-x86/bin/arm-linux-androideabi-gcc -c conftest.c -o conftest2.o >&5
configure:3787: $? = 0
configure:3798: cc -c conftest.c >&5
configure:3802: $? = 0
configure:3810: cc -c conftest.c -o conftest2.o >&5
configure:3814: $? = 0
configure:3820: cc -c conftest.c -o conftest2.o >&5
configure:3824: $? = 0
configure:3842: result: yes
configure:3876: checking dependency style of /opt/android/android-ndk-r5/toolchains/arm-linux-androideabi-4.4.3/prebuilt/linux-x86/bin/arm-linux-androideabi-gcc
configure:3984: result: gcc3
configure:4007: checking how to run the C preprocessor
configure:4038: /opt/android/android-ndk-r5/toolchains/arm-linux-androideabi-4.4.3/prebuilt/linux-x86/bin/arm-linux-androideabi-gcc -E -I/opt/android/android-ndk-r5/platforms/android-9/arch-arm/usr/include/ conftest.c
configure:4038: $? = 0
configure:4052: /opt/android/android-ndk-r5/toolchains/arm-linux-androideabi-4.4.3/prebuilt/linux-x86/bin/arm-linux-androideabi-gcc -E -I/opt/android/android-ndk-r5/platforms/android-9/arch-arm/usr/include/ conftest.c
conftest.c:11:28: error: ac_nonexistent.h: No such file or directory
configure:4052: $? = 1
configure: failed program was:
| /* confdefs.h */
| #define PACKAGE_NAME "libatomic_ops"
| #define PACKAGE_TARNAME "libatomic_ops"
| #define PACKAGE_VERSION "7.2alpha5"
| #define PACKAGE_STRING "libatomic_ops 7.2alpha5"
| #define PACKAGE_BUGREPORT ""
| #define PACKAGE_URL ""
| #define PACKAGE "libatomic_ops"
| #define VERSION "7.2alpha5"
| /* end confdefs.h.  */
| #include <ac_nonexistent.h>
configure:4077: result: /opt/android/android-ndk-r5/toolchains/arm-linux-androideabi-4.4.3/prebuilt/linux-x86/bin/arm-linux-androideabi-gcc -E
configure:4097: /opt/android/android-ndk-r5/toolchains/arm-linux-androideabi-4.4.3/prebuilt/linux-x86/bin/arm-linux-androideabi-gcc -E -I/opt/android/android-ndk-r5/platforms/android-9/arch-arm/usr/include/ conftest.c
configure:4097: $? = 0
configure:4111: /opt/android/android-ndk-r5/toolchains/arm-linux-androideabi-4.4.3/prebuilt/linux-x86/bin/arm-linux-androideabi-gcc -E -I/opt/android/android-ndk-r5/platforms/android-9/arch-arm/usr/include/ conftest.c
conftest.c:11:28: error: ac_nonexistent.h: No such file or directory
configure:4111: $? = 1
configure: failed program was:
| /* confdefs.h */
| #define PACKAGE_NAME "libatomic_ops"
| #define PACKAGE_TARNAME "libatomic_ops"
| #define PACKAGE_VERSION "7.2alpha5"
| #define PACKAGE_STRING "libatomic_ops 7.2alpha5"
| #define PACKAGE_BUGREPORT ""
| #define PACKAGE_URL ""
| #define PACKAGE "libatomic_ops"
| #define VERSION "7.2alpha5"
| /* end confdefs.h.  */
| #include <ac_nonexistent.h>
configure:4140: checking for grep that handles long lines and -e
configure:4198: result: /bin/grep
configure:4203: checking for egrep
configure:4265: result: /bin/grep -E
configure:4270: checking for ANSI C header files
configure:4290: /opt/android/android-ndk-r5/toolchains/arm-linux-androideabi-4.4.3/prebuilt/linux-x86/bin/arm-linux-androideabi-gcc -c --sysroot=/opt/android/android-ndk-r5/platforms/android-9/arch-arm -fpic -ffunction-sections -funwind-tables  -D__ARM_ARCH_5__ -D__ARM_ARCH_5T__ -D__ARM_ARCH_5E__ -D__ARM_ARCH_5TE__  -Wno-psabi -march=armv5te -mtune=xscale -msoft-float -Os -fomit-frame-pointer -fno-strict-aliasing -finline-limit=64 -DANDROID -DPLATFORM_ANDROID -DIGNORE_DYNAMIC_LOADING -Wa,--noexecstack -O0 -g -I/opt/android/android-ndk-r5/platforms/android-9/arch-arm/usr/include -I/opt/android/android-ndk-r5/platforms/android-9/arch-arm/usr/include/ conftest.c >&5
configure:4290: $? = 0
configure:4374: result: yes
configure:4387: checking for sys/types.h
configure:4387: /opt/android/android-ndk-r5/toolchains/arm-linux-androideabi-4.4.3/prebuilt/linux-x86/bin/arm-linux-androideabi-gcc -c --sysroot=/opt/android/android-ndk-r5/platforms/android-9/arch-arm -fpic -ffunction-sections -funwind-tables  -D__ARM_ARCH_5__ -D__ARM_ARCH_5T__ -D__ARM_ARCH_5E__ -D__ARM_ARCH_5TE__  -Wno-psabi -march=armv5te -mtune=xscale -msoft-float -Os -fomit-frame-pointer -fno-strict-aliasing -finline-limit=64 -DANDROID -DPLATFORM_ANDROID -DIGNORE_DYNAMIC_LOADING -Wa,--noexecstack -O0 -g -I/opt/android/android-ndk-r5/platforms/android-9/arch-arm/usr/include -I/opt/android/android-ndk-r5/platforms/android-9/arch-arm/usr/include/ conftest.c >&5
configure:4387: $? = 0
configure:4387: result: yes
configure:4387: checking for sys/stat.h
configure:4387: /opt/android/android-ndk-r5/toolchains/arm-linux-androideabi-4.4.3/prebuilt/linux-x86/bin/arm-linux-androideabi-gcc -c --sysroot=/opt/android/android-ndk-r5/platforms/android-9/arch-arm -fpic -ffunction-sections -funwind-tables  -D__ARM_ARCH_5__ -D__ARM_ARCH_5T__ -D__ARM_ARCH_5E__ -D__ARM_ARCH_5TE__  -Wno-psabi -march=armv5te -mtune=xscale -msoft-float -Os -fomit-frame-pointer -fno-strict-aliasing -finline-limit=64 -DANDROID -DPLATFORM_ANDROID -DIGNORE_DYNAMIC_LOADING -Wa,--noexecstack -O0 -g -I/opt/android/android-ndk-r5/platforms/android-9/arch-arm/usr/include -I/opt/android/android-ndk-r5/platforms/android-9/arch-arm/usr/include/ conftest.c >&5
configure:4387: $? = 0
configure:4387: result: yes
configure:4387: checking for stdlib.h
configure:4387: /opt/android/android-ndk-r5/toolchains/arm-linux-androideabi-4.4.3/prebuilt/linux-x86/bin/arm-linux-androideabi-gcc -c --sysroot=/opt/android/android-ndk-r5/platforms/android-9/arch-arm -fpic -ffunction-sections -funwind-tables  -D__ARM_ARCH_5__ -D__ARM_ARCH_5T__ -D__ARM_ARCH_5E__ -D__ARM_ARCH_5TE__  -Wno-psabi -march=armv5te -mtune=xscale -msoft-float -Os -fomit-frame-pointer -fno-strict-aliasing -finline-limit=64 -DANDROID -DPLATFORM_ANDROID -DIGNORE_DYNAMIC_LOADING -Wa,--noexecstack -O0 -g -I/opt/android/android-ndk-r5/platforms/android-9/arch-arm/usr/include -I/opt/android/android-ndk-r5/platforms/android-9/arch-arm/usr/include/ conftest.c >&5
configure:4387: $? = 0
configure:4387: result: yes
configure:4387: checking for string.h
configure:4387: /opt/android/android-ndk-r5/toolchains/arm-linux-androideabi-4.4.3/prebuilt/linux-x86/bin/arm-linux-androideabi-gcc -c --sysroot=/opt/android/android-ndk-r5/platforms/android-9/arch-arm -fpic -ffunction-sections -funwind-tables  -D__ARM_ARCH_5__ -D__ARM_ARCH_5T__ -D__ARM_ARCH_5E__ -D__ARM_ARCH_5TE__  -Wno-psabi -march=armv5te -mtune=xscale -msoft-float -Os -fomit-frame-pointer -fno-strict-aliasing -finline-limit=64 -DANDROID -DPLATFORM_ANDROID -DIGNORE_DYNAMIC_LOADING -Wa,--noexecstack -O0 -g -I/opt/android/android-ndk-r5/platforms/android-9/arch-arm/usr/include -I/opt/android/android-ndk-r5/platforms/android-9/arch-arm/usr/include/ conftest.c >&5
configure:4387: $? = 0
configure:4387: result: yes
configure:4387: checking for memory.h
configure:4387: /opt/android/android-ndk-r5/toolchains/arm-linux-androideabi-4.4.3/prebuilt/linux-x86/bin/arm-linux-androideabi-gcc -c --sysroot=/opt/android/android-ndk-r5/platforms/android-9/arch-arm -fpic -ffunction-sections -funwind-tables  -D__ARM_ARCH_5__ -D__ARM_ARCH_5T__ -D__ARM_ARCH_5E__ -D__ARM_ARCH_5TE__  -Wno-psabi -march=armv5te -mtune=xscale -msoft-float -Os -fomit-frame-pointer -fno-strict-aliasing -finline-limit=64 -DANDROID -DPLATFORM_ANDROID -DIGNORE_DYNAMIC_LOADING -Wa,--noexecstack -O0 -g -I/opt/android/android-ndk-r5/platforms/android-9/arch-arm/usr/include -I/opt/android/android-ndk-r5/platforms/android-9/arch-arm/usr/include/ conftest.c >&5
configure:4387: $? = 0
configure:4387: result: yes
configure:4387: checking for strings.h
configure:4387: /opt/android/android-ndk-r5/toolchains/arm-linux-androideabi-4.4.3/prebuilt/linux-x86/bin/arm-linux-androideabi-gcc -c --sysroot=/opt/android/android-ndk-r5/platforms/android-9/arch-arm -fpic -ffunction-sections -funwind-tables  -D__ARM_ARCH_5__ -D__ARM_ARCH_5T__ -D__ARM_ARCH_5E__ -D__ARM_ARCH_5TE__  -Wno-psabi -march=armv5te -mtune=xscale -msoft-float -Os -fomit-frame-pointer -fno-strict-aliasing -finline-limit=64 -DANDROID -DPLATFORM_ANDROID -DIGNORE_DYNAMIC_LOADING -Wa,--noexecstack -O0 -g -I/opt/android/android-ndk-r5/platforms/android-9/arch-arm/usr/include -I/opt/android/android-ndk-r5/platforms/android-9/arch-arm/usr/include/ conftest.c >&5
configure:4387: $? = 0
configure:4387: result: yes
configure:4387: checking for inttypes.h
configure:4387: /opt/android/android-ndk-r5/toolchains/arm-linux-androideabi-4.4.3/prebuilt/linux-x86/bin/arm-linux-androideabi-gcc -c --sysroot=/opt/android/android-ndk-r5/platforms/android-9/arch-arm -fpic -ffunction-sections -funwind-tables  -D__ARM_ARCH_5__ -D__ARM_ARCH_5T__ -D__ARM_ARCH_5E__ -D__ARM_ARCH_5TE__  -Wno-psabi -march=armv5te -mtune=xscale -msoft-float -Os -fomit-frame-pointer -fno-strict-aliasing -finline-limit=64 -DANDROID -DPLATFORM_ANDROID -DIGNORE_DYNAMIC_LOADING -Wa,--noexecstack -O0 -g -I/opt/android/android-ndk-r5/platforms/android-9/arch-arm/usr/include -I/opt/android/android-ndk-r5/platforms/android-9/arch-arm/usr/include/ conftest.c >&5
configure:4387: $? = 0
configure:4387: result: yes
configure:4387: checking for stdint.h
configure:4387: /opt/android/android-ndk-r5/toolchains/arm-linux-androideabi-4.4.3/prebuilt/linux-x86/bin/arm-linux-androideabi-gcc -c --sysroot=/opt/android/android-ndk-r5/platforms/android-9/arch-arm -fpic -ffunction-sections -funwind-tables  -D__ARM_ARCH_5__ -D__ARM_ARCH_5T__ -D__ARM_ARCH_5E__ -D__ARM_ARCH_5TE__  -Wno-psabi -march=armv5te -mtune=xscale -msoft-float -Os -fomit-frame-pointer -fno-strict-aliasing -finline-limit=64 -DANDROID -DPLATFORM_ANDROID -DIGNORE_DYNAMIC_LOADING -Wa,--noexecstack -O0 -g -I/opt/android/android-ndk-r5/platforms/android-9/arch-arm/usr/include -I/opt/android/android-ndk-r5/platforms/android-9/arch-arm/usr/include/ conftest.c >&5
configure:4387: $? = 0
configure:4387: result: yes
configure:4387: checking for unistd.h
configure:4387: /opt/android/android-ndk-r5/toolchains/arm-linux-androideabi-4.4.3/prebuilt/linux-x86/bin/arm-linux-androideabi-gcc -c --sysroot=/opt/android/android-ndk-r5/platforms/android-9/arch-arm -fpic -ffunction-sections -funwind-tables  -D__ARM_ARCH_5__ -D__ARM_ARCH_5T__ -D__ARM_ARCH_5E__ -D__ARM_ARCH_5TE__  -Wno-psabi -march=armv5te -mtune=xscale -msoft-float -Os -fomit-frame-pointer -fno-strict-aliasing -finline-limit=64 -DANDROID -DPLATFORM_ANDROID -DIGNORE_DYNAMIC_LOADING -Wa,--noexecstack -O0 -g -I/opt/android/android-ndk-r5/platforms/android-9/arch-arm/usr/include -I/opt/android/android-ndk-r5/platforms/android-9/arch-arm/usr/include/ conftest.c >&5
configure:4387: $? = 0
configure:4387: result: yes
configure:4405: checking for stdlib.h
configure:4405: result: yes
configure:4405: checking for unistd.h
configure:4405: result: yes
configure:4405: checking for sys/param.h
configure:4405: /opt/android/android-ndk-r5/toolchains/arm-linux-androideabi-4.4.3/prebuilt/linux-x86/bin/arm-linux-androideabi-gcc -c --sysroot=/opt/android/android-ndk-r5/platforms/android-9/arch-arm -fpic -ffunction-sections -funwind-tables  -D__ARM_ARCH_5__ -D__ARM_ARCH_5T__ -D__ARM_ARCH_5E__ -D__ARM_ARCH_5TE__  -Wno-psabi -march=armv5te -mtune=xscale -msoft-float -Os -fomit-frame-pointer -fno-strict-aliasing -finline-limit=64 -DANDROID -DPLATFORM_ANDROID -DIGNORE_DYNAMIC_LOADING -Wa,--noexecstack -O0 -g -I/opt/android/android-ndk-r5/platforms/android-9/arch-arm/usr/include -I/opt/android/android-ndk-r5/platforms/android-9/arch-arm/usr/include/ conftest.c >&5
configure:4405: $? = 0
configure:4405: result: yes
configure:4425: checking for getpagesize
configure:4425: /opt/android/android-ndk-r5/toolchains/arm-linux-androideabi-4.4.3/prebuilt/linux-x86/bin/arm-linux-androideabi-gcc -o conftest --sysroot=/opt/android/android-ndk-r5/platforms/android-9/arch-arm -fpic -ffunction-sections -funwind-tables  -D__ARM_ARCH_5__ -D__ARM_ARCH_5T__ -D__ARM_ARCH_5E__ -D__ARM_ARCH_5TE__  -Wno-psabi -march=armv5te -mtune=xscale -msoft-float -Os -fomit-frame-pointer -fno-strict-aliasing -finline-limit=64 -DANDROID -DPLATFORM_ANDROID -DIGNORE_DYNAMIC_LOADING -Wa,--noexecstack -O0 -g -I/opt/android/android-ndk-r5/platforms/android-9/arch-arm/usr/include -I/opt/android/android-ndk-r5/platforms/android-9/arch-arm/usr/include/ --sysroot=/opt/android/android-ndk-r5/platforms/android-9/arch-arm -Wl,--no-undefined -Wl,-z,noexecstack -Wl,-rpath-link=/opt/android/android-ndk-r5/platforms/android-9/arch-arm/usr/lib  /opt/android/android-ndk-r5/platforms/android-9/arch-arm/usr/lib/libc.so  /opt/android/android-ndk-r5/platforms/android-9/arch-arm/usr/lib/libstdc++.so /opt/android/android-ndk-r5/platforms/android-9/arch-arm/usr/lib/libm.so -lsupc++ conftest.c  >&5
/tmp/ccaAoHkQ.o: In function `main':
/home/sylvain/src/bdwgc/libatomic_ops/conftest.c:58: undefined reference to `getpagesize'
collect2: ld returned 1 exit status
configure:4425: $? = 1
configure: failed program was:
| /* confdefs.h */
| #define PACKAGE_NAME "libatomic_ops"
| #define PACKAGE_TARNAME "libatomic_ops"
| #define PACKAGE_VERSION "7.2alpha5"
| #define PACKAGE_STRING "libatomic_ops 7.2alpha5"
| #define PACKAGE_BUGREPORT ""
| #define PACKAGE_URL ""
| #define PACKAGE "libatomic_ops"
| #define VERSION "7.2alpha5"
| #define STDC_HEADERS 1
| #define HAVE_SYS_TYPES_H 1
| #define HAVE_SYS_STAT_H 1
| #define HAVE_STDLIB_H 1
| #define HAVE_STRING_H 1
| #define HAVE_MEMORY_H 1
| #define HAVE_STRINGS_H 1
| #define HAVE_INTTYPES_H 1
| #define HAVE_STDINT_H 1
| #define HAVE_UNISTD_H 1
| #define HAVE_STDLIB_H 1
| #define HAVE_UNISTD_H 1
| #define HAVE_SYS_PARAM_H 1
| /* end confdefs.h.  */
| /* Define getpagesize to an innocuous variant, in case <limits.h> declares getpagesize.
|    For example, HP-UX 11i <limits.h> declares gettimeofday.  */
| #define getpagesize innocuous_getpagesize
| 
| /* System header to define __stub macros and hopefully few prototypes,
|     which can conflict with char getpagesize (); below.
|     Prefer <limits.h> to <assert.h> if __STDC__ is defined, since
|     <limits.h> exists even on freestanding compilers.  */
| 
| #ifdef __STDC__
| # include <limits.h>
| #else
| # include <assert.h>
| #endif
| 
| #undef getpagesize
| 
| /* Override any GCC internal prototype to avoid an error.
|    Use char because int might match the return type of a GCC
|    builtin and then its argument prototype would still apply.  */
| #ifdef __cplusplus
| extern "C"
| #endif
| char getpagesize ();
| /* The GNU C library defines this for functions which it implements
|     to always fail with ENOSYS.  Some functions are actually named
|     something starting with __ and the normal name is an alias.  */
| #if defined __stub_getpagesize || defined __stub___getpagesize
| choke me
| #endif
| 
| int
| main ()
| {
| return getpagesize ();
|   ;
|   return 0;
| }
configure:4425: result: no
configure:4434: checking for working mmap
configure:4591: result: no
configure:4602: checking for ANSI C header files
configure:4706: result: yes
configure:4719: checking Determining PIC compiler flag
configure:4722: result: -fPIC
configure:4901: creating ./config.status

## ---------------------- ##
## Running config.status. ##
## ---------------------- ##

This file was extended by libatomic_ops config.status 7.2alpha5, which was
generated by GNU Autoconf 2.67.  Invocation command line was

  CONFIG_FILES    = 
  CONFIG_HEADERS  = 
  CONFIG_LINKS    = 
  CONFIG_COMMANDS = 
  $ ./config.status 

on crackity

config.status:900: creating Makefile
config.status:900: creating src/Makefile
config.status:900: creating src/atomic_ops/Makefile
config.status:900: creating src/atomic_ops/sysdeps/Makefile
config.status:900: creating doc/Makefile
config.status:900: creating tests/Makefile
config.status:900: creating src/config.h
config.status:1080: src/config.h is unchanged
config.status:1128: executing depfiles commands
config.status:1128: executing default commands

## ---------------- ##
## Cache variables. ##
## ---------------- ##

ac_cv_build=x86_64-unknown-linux-gnu
ac_cv_c_compiler_gnu=yes
ac_cv_env_CCASFLAGS_set=
ac_cv_env_CCASFLAGS_value=
ac_cv_env_CCAS_set=
ac_cv_env_CCAS_value=
ac_cv_env_CC_set=set
ac_cv_env_CC_value=/opt/android/android-ndk-r5/toolchains/arm-linux-androideabi-4.4.3/prebuilt/linux-x86/bin/arm-linux-androideabi-gcc
ac_cv_env_CFLAGS_set=set
ac_cv_env_CFLAGS_value='--sysroot=/opt/android/android-ndk-r5/platforms/android-9/arch-arm -fpic -ffunction-sections -funwind-tables  -D__ARM_ARCH_5__ -D__ARM_ARCH_5T__ -D__ARM_ARCH_5E__ -D__ARM_ARCH_5TE__  -Wno-psabi -march=armv5te -mtune=xscale -msoft-float -Os -fomit-frame-pointer -fno-strict-aliasing -finline-limit=64 -DANDROID -DPLATFORM_ANDROID -DIGNORE_DYNAMIC_LOADING -Wa,--noexecstack -O0 -g -I/opt/android/android-ndk-r5/platforms/android-9/arch-arm/usr/include'
ac_cv_env_CPPFLAGS_set=set
ac_cv_env_CPPFLAGS_value=-I/opt/android/android-ndk-r5/platforms/android-9/arch-arm/usr/include/
ac_cv_env_CPP_set=
ac_cv_env_CPP_value=
ac_cv_env_LDFLAGS_set=set
ac_cv_env_LDFLAGS_value='--sysroot=/opt/android/android-ndk-r5/platforms/android-9/arch-arm -Wl,--no-undefined -Wl,-z,noexecstack -Wl,-rpath-link=/opt/android/android-ndk-r5/platforms/android-9/arch-arm/usr/lib  /opt/android/android-ndk-r5/platforms/android-9/arch-arm/usr/lib/libc.so  /opt/android/android-ndk-r5/platforms/android-9/arch-arm/usr/lib/libstdc++.so /opt/android/android-ndk-r5/platforms/android-9/arch-arm/usr/lib/libm.so -lsupc++'
ac_cv_env_LIBS_set=
ac_cv_env_LIBS_value=
ac_cv_env_build_alias_set=
ac_cv_env_build_alias_value=
ac_cv_env_host_alias_set=set
ac_cv_env_host_alias_value=arm-eabi
ac_cv_env_target_alias_set=
ac_cv_env_target_alias_value=
ac_cv_func_getpagesize=no
ac_cv_func_mmap_fixed_mapped=no
ac_cv_header_inttypes_h=yes
ac_cv_header_memory_h=yes
ac_cv_header_stdc=yes
ac_cv_header_stdint_h=yes
ac_cv_header_stdlib_h=yes
ac_cv_header_string_h=yes
ac_cv_header_strings_h=yes
ac_cv_header_sys_param_h=yes
ac_cv_header_sys_stat_h=yes
ac_cv_header_sys_types_h=yes
ac_cv_header_unistd_h=yes
ac_cv_host=arm-unknown-eabi
ac_cv_objext=o
ac_cv_path_EGREP='/bin/grep -E'
ac_cv_path_GREP=/bin/grep
ac_cv_path_install='/usr/bin/install -c'
ac_cv_path_mkdir=/bin/mkdir
ac_cv_prog_AWK=gawk
ac_cv_prog_CC=/opt/android/android-ndk-r5/toolchains/arm-linux-androideabi-4.4.3/prebuilt/linux-x86/bin/arm-linux-androideabi-gcc
ac_cv_prog_CPP='/opt/android/android-ndk-r5/toolchains/arm-linux-androideabi-4.4.3/prebuilt/linux-x86/bin/arm-linux-androideabi-gcc -E'
ac_cv_prog_RANLIB=/opt/android/android-ndk-r5/toolchains/arm-linux-androideabi-4.4.3/prebuilt/linux-x86/bin/arm-linux-androideabi-ranlib
ac_cv_prog_STRIP=/opt/android/android-ndk-r5/toolchains/arm-linux-androideabi-4.4.3/prebuilt/linux-x86/bin/arm-linux-androideabi-strip
ac_cv_prog_cc__opt_android_android_ndk_r5_toolchains_arm_linux_androideabi_4_4_3_prebuilt_linux_x86_bin_arm_linux_androideabi_gcc_c_o=yes
ac_cv_prog_cc_c89=
ac_cv_prog_cc_g=yes
ac_cv_prog_make_make_set=yes
ac_cv_target=arm-unknown-eabi
am_cv_CCAS_dependencies_compiler_type=gcc3
am_cv_CC_dependencies_compiler_type=gcc3

## ----------------- ##
## Output variables. ##
## ----------------- ##

ACLOCAL='${SHELL} /home/sylvain/src/bdwgc/libatomic_ops/missing --run aclocal-1.11'
AMDEPBACKSLASH='\'
AMDEP_FALSE='#'
AMDEP_TRUE=''
AMTAR='${SHELL} /home/sylvain/src/bdwgc/libatomic_ops/missing --run tar'
AUTOCONF='${SHELL} /home/sylvain/src/bdwgc/libatomic_ops/missing --run autoconf'
AUTOHEADER='${SHELL} /home/sylvain/src/bdwgc/libatomic_ops/missing --run autoheader'
AUTOMAKE='${SHELL} /home/sylvain/src/bdwgc/libatomic_ops/missing --run automake-1.11'
AWK='gawk'
CC='/opt/android/android-ndk-r5/toolchains/arm-linux-androideabi-4.4.3/prebuilt/linux-x86/bin/arm-linux-androideabi-gcc'
CCAS='/opt/android/android-ndk-r5/toolchains/arm-linux-androideabi-4.4.3/prebuilt/linux-x86/bin/arm-linux-androideabi-gcc'
CCASDEPMODE='depmode=gcc3'
CCASFLAGS='--sysroot=/opt/android/android-ndk-r5/platforms/android-9/arch-arm -fpic -ffunction-sections -funwind-tables  -D__ARM_ARCH_5__ -D__ARM_ARCH_5T__ -D__ARM_ARCH_5E__ -D__ARM_ARCH_5TE__  -Wno-psabi -march=armv5te -mtune=xscale -msoft-float -Os -fomit-frame-pointer -fno-strict-aliasing -finline-limit=64 -DANDROID -DPLATFORM_ANDROID -DIGNORE_DYNAMIC_LOADING -Wa,--noexecstack -O0 -g -I/opt/android/android-ndk-r5/platforms/android-9/arch-arm/usr/include'
CCDEPMODE='depmode=gcc3'
CFLAGS='--sysroot=/opt/android/android-ndk-r5/platforms/android-9/arch-arm -fpic -ffunction-sections -funwind-tables  -D__ARM_ARCH_5__ -D__ARM_ARCH_5T__ -D__ARM_ARCH_5E__ -D__ARM_ARCH_5TE__  -Wno-psabi -march=armv5te -mtune=xscale -msoft-float -Os -fomit-frame-pointer -fno-strict-aliasing -finline-limit=64 -DANDROID -DPLATFORM_ANDROID -DIGNORE_DYNAMIC_LOADING -Wa,--noexecstack -O0 -g -I/opt/android/android-ndk-r5/platforms/android-9/arch-arm/usr/include -DNDEBUG'
CPP='/opt/android/android-ndk-r5/toolchains/arm-linux-androideabi-4.4.3/prebuilt/linux-x86/bin/arm-linux-androideabi-gcc -E'
CPPFLAGS='-I/opt/android/android-ndk-r5/platforms/android-9/arch-arm/usr/include/'
CYGPATH_W='echo'
DEFS='-DHAVE_CONFIG_H'
DEPDIR='.deps'
ECHO_C=''
ECHO_N='-n'
ECHO_T=''
EGREP='/bin/grep -E'
EXEEXT=''
GREP='/bin/grep'
INSTALL_DATA='${INSTALL} -m 644'
INSTALL_PROGRAM='${INSTALL}'
INSTALL_SCRIPT='${INSTALL}'
INSTALL_STRIP_PROGRAM='$(install_sh) -c -s'
LDFLAGS='--sysroot=/opt/android/android-ndk-r5/platforms/android-9/arch-arm -Wl,--no-undefined -Wl,-z,noexecstack -Wl,-rpath-link=/opt/android/android-ndk-r5/platforms/android-9/arch-arm/usr/lib  /opt/android/android-ndk-r5/platforms/android-9/arch-arm/usr/lib/libc.so  /opt/android/android-ndk-r5/platforms/android-9/arch-arm/usr/lib/libstdc++.so /opt/android/android-ndk-r5/platforms/android-9/arch-arm/usr/lib/libm.so -lsupc++'
LIBOBJS=''
LIBS=''
LTLIBOBJS=''
MAKEINFO='${SHELL} /home/sylvain/src/bdwgc/libatomic_ops/missing --run makeinfo'
MKDIR_P='/bin/mkdir -p'
NEED_ASM_FALSE=''
NEED_ASM_TRUE='#'
OBJEXT='o'
PACKAGE='libatomic_ops'
PACKAGE_BUGREPORT=''
PACKAGE_NAME='libatomic_ops'
PACKAGE_STRING='libatomic_ops 7.2alpha5'
PACKAGE_TARNAME='libatomic_ops'
PACKAGE_URL=''
PACKAGE_VERSION='7.2alpha5'
PATH_SEPARATOR=':'
PICFLAG='-fPIC'
RANLIB='/opt/android/android-ndk-r5/toolchains/arm-linux-androideabi-4.4.3/prebuilt/linux-x86/bin/arm-linux-androideabi-ranlib'
SET_MAKE=''
SHELL='/bin/bash'
STRIP='/opt/android/android-ndk-r5/toolchains/arm-linux-androideabi-4.4.3/prebuilt/linux-x86/bin/arm-linux-androideabi-strip'
VERSION='7.2alpha5'
ac_ct_CC=''
am__EXEEXT_FALSE=''
am__EXEEXT_TRUE='#'
am__fastdepCCAS_FALSE='#'
am__fastdepCCAS_TRUE=''
am__fastdepCC_FALSE='#'
am__fastdepCC_TRUE=''
am__include='include'
am__isrc=''
am__leading_dot='.'
am__quote=''
am__tar='${AMTAR} chof - "$$tardir"'
am__untar='${AMTAR} xf -'
bindir='${exec_prefix}/bin'
build='x86_64-unknown-linux-gnu'
build_alias=''
build_cpu='x86_64'
build_os='linux-gnu'
build_vendor='unknown'
datadir='${datarootdir}'
datarootdir='${prefix}/share'
docdir='${datarootdir}/doc/${PACKAGE_TARNAME}'
dvidir='${docdir}'
exec_prefix='${prefix}'
host='arm-unknown-eabi'
host_alias='arm-eabi'
host_cpu='arm'
host_os='eabi'
host_vendor='unknown'
htmldir='${docdir}'
includedir='${prefix}/include'
infodir='${datarootdir}/info'
install_sh='${SHELL} /home/sylvain/src/bdwgc/libatomic_ops/install-sh'
libdir='${exec_prefix}/lib'
libexecdir='${exec_prefix}/libexec'
localedir='${datarootdir}/locale'
localstatedir='${prefix}/var'
mandir='${datarootdir}/man'
mkdir_p='/bin/mkdir -p'
oldincludedir='/usr/include'
pdfdir='${docdir}'
prefix='/opt/gc/android'
program_transform_name='s,x,x,'
psdir='${docdir}'
sbindir='${exec_prefix}/sbin'
sharedstatedir='${prefix}/com'
sysconfdir='${prefix}/etc'
target='arm-unknown-eabi'
target_alias=''
target_cpu='arm'
target_os='eabi'
target_vendor='unknown'

## ----------- ##
## confdefs.h. ##
## ----------- ##

/* confdefs.h */
#define PACKAGE_NAME "libatomic_ops"
#define PACKAGE_TARNAME "libatomic_ops"
#define PACKAGE_VERSION "7.2alpha5"
#define PACKAGE_STRING "libatomic_ops 7.2alpha5"
#define PACKAGE_BUGREPORT ""
#define PACKAGE_URL ""
#define PACKAGE "libatomic_ops"
#define VERSION "7.2alpha5"
#define STDC_HEADERS 1
#define HAVE_SYS_TYPES_H 1
#define HAVE_SYS_STAT_H 1
#define HAVE_STDLIB_H 1
#define HAVE_STRING_H 1
#define HAVE_MEMORY_H 1
#define HAVE_STRINGS_H 1
#define HAVE_INTTYPES_H 1
#define HAVE_STDINT_H 1
#define HAVE_UNISTD_H 1
#define HAVE_STDLIB_H 1
#define HAVE_UNISTD_H 1
#define HAVE_SYS_PARAM_H 1
#define STDC_HEADERS 1

configure: exit 0
